@options.main_page : ruby_3_2_5/README.md
f.inspect  : #<RDoc::TopLevel:0x884 "NEWS-1.8.7" modules: [] classes: []>; f.full_name = NEWS/NEWS-1.8.7
f.inspect  : #<RDoc::TopLevel:0x898 "NEWS-1.9.1" modules: [] classes: []>; f.full_name = NEWS/NEWS-1.9.1
f.inspect  : #<RDoc::TopLevel:0x8ac "NEWS-1.9.2" modules: [] classes: []>; f.full_name = NEWS/NEWS-1.9.2
f.inspect  : #<RDoc::TopLevel:0x8c0 "NEWS-1.9.3" modules: [] classes: []>; f.full_name = NEWS/NEWS-1.9.3
f.inspect  : #<RDoc::TopLevel:0x8d4 "NEWS-2.0.0" modules: [] classes: []>; f.full_name = NEWS/NEWS-2.0.0
f.inspect  : #<RDoc::TopLevel:0x8e8 "NEWS-2.1.0" modules: [] classes: []>; f.full_name = NEWS/NEWS-2.1.0
f.inspect  : #<RDoc::TopLevel:0x8fc "NEWS-2.2.0" modules: [] classes: []>; f.full_name = NEWS/NEWS-2.2.0
f.inspect  : #<RDoc::TopLevel:0x910 "NEWS-2.3.0" modules: [] classes: []>; f.full_name = NEWS/NEWS-2.3.0
f.inspect  : #<RDoc::TopLevel:0x924 "NEWS-2.4.0" modules: [] classes: []>; f.full_name = NEWS/NEWS-2.4.0
f.inspect  : #<RDoc::TopLevel:0x938 "NEWS-2.5.0" modules: [] classes: []>; f.full_name = NEWS/NEWS-2.5.0
f.inspect  : #<RDoc::TopLevel:0x94c "NEWS-2.6.0" modules: [] classes: []>; f.full_name = NEWS/NEWS-2.6.0
f.inspect  : #<RDoc::TopLevel:0x960 "NEWS-2.7.0" modules: [] classes: []>; f.full_name = NEWS/NEWS-2.7.0
f.inspect  : #<RDoc::TopLevel:0x974 "NEWS-3.0.0.md" modules: [] classes: []>; f.full_name = NEWS/NEWS-3.0.0.md
f.inspect  : #<RDoc::TopLevel:0x988 "NEWS-3.1.0.md" modules: [] classes: []>; f.full_name = NEWS/NEWS-3.1.0.md
f.inspect  : #<RDoc::TopLevel:0x99c "bsearch.rdoc" modules: [] classes: []>; f.full_name = bsearch.rdoc
f.inspect  : #<RDoc::TopLevel:0x9b0 "bug_triaging.rdoc" modules: [] classes: []>; f.full_name = bug_triaging.rdoc
f.inspect  : #<RDoc::TopLevel:0x9c4 "case_mapping.rdoc" modules: [] classes: []>; f.full_name = case_mapping.rdoc
f.inspect  : #<RDoc::TopLevel:0x9d8 "character_selectors.rdoc" modules: [] classes: []>; f.full_name = character_selectors.rdoc
f.inspect  : #<RDoc::TopLevel:0x9ec "command_injection.rdoc" modules: [] classes: []>; f.full_name = command_injection.rdoc
f.inspect  : #<RDoc::TopLevel:0xa00 "contributing.md" modules: [] classes: []>; f.full_name = contributing.md
f.inspect  : #<RDoc::TopLevel:0xa14 "building_ruby.md" modules: [] classes: []>; f.full_name = contributing/building_ruby.md
f.inspect  : #<RDoc::TopLevel:0xa28 "documentation_guide.md" modules: [] classes: []>; f.full_name = contributing/documentation_guide.md
f.inspect  : #<RDoc::TopLevel:0xa3c "making_changes_to_ruby.md" modules: [] classes: []>; f.full_name = contributing/making_changes_to_ruby.md
f.inspect  : #<RDoc::TopLevel:0xa50 "making_changes_to_stdlibs.md" modules: [] classes: []>; f.full_name = contributing/making_changes_to_stdlibs.md
f.inspect  : #<RDoc::TopLevel:0xa64 "reporting_issues.md" modules: [] classes: []>; f.full_name = contributing/reporting_issues.md
f.inspect  : #<RDoc::TopLevel:0xa78 "testing_ruby.md" modules: [] classes: []>; f.full_name = contributing/testing_ruby.md
f.inspect  : #<RDoc::TopLevel:0xa8c "dig_methods.rdoc" modules: [] classes: []>; f.full_name = dig_methods.rdoc
f.inspect  : #<RDoc::TopLevel:0xaa0 "dtrace_probes.rdoc" modules: [] classes: []>; f.full_name = dtrace_probes.rdoc
f.inspect  : #<RDoc::TopLevel:0xab4 "encodings.rdoc" modules: [] classes: []>; f.full_name = encodings.rdoc
f.inspect  : #<RDoc::TopLevel:0xac8 "extension.ja.rdoc" modules: [] classes: []>; f.full_name = extension.ja.rdoc
f.inspect  : #<RDoc::TopLevel:0xadc "extension.rdoc" modules: [] classes: []>; f.full_name = extension.rdoc
f.inspect  : #<RDoc::TopLevel:0xaf0 "fiber.md" modules: [] classes: []>; f.full_name = fiber.md
f.inspect  : #<RDoc::TopLevel:0xb04 "format_specifications.rdoc" modules: [] classes: []>; f.full_name = format_specifications.rdoc
f.inspect  : #<RDoc::TopLevel:0xb18 "globals.rdoc" modules: [] classes: []>; f.full_name = globals.rdoc
f.inspect  : #<RDoc::TopLevel:0xb2c "implicit_conversion.rdoc" modules: [] classes: []>; f.full_name = implicit_conversion.rdoc
f.inspect  : #<RDoc::TopLevel:0xb40 "keywords.rdoc" modules: [] classes: []>; f.full_name = keywords.rdoc
f.inspect  : #<RDoc::TopLevel:0xb54 "maintainers.rdoc" modules: [] classes: []>; f.full_name = maintainers.rdoc
f.inspect  : #<RDoc::TopLevel:0xb68 "marshal.rdoc" modules: [] classes: []>; f.full_name = marshal.rdoc
f.inspect  : #<RDoc::TopLevel:0xb7c "memory_view.md" modules: [] classes: []>; f.full_name = memory_view.md
f.inspect  : #<RDoc::TopLevel:0xb90 "argument_converters.rdoc" modules: [] classes: []>; f.full_name = optparse/argument_converters.rdoc
f.inspect  : #<RDoc::TopLevel:0xba4 "creates_option.rdoc" modules: [] classes: []>; f.full_name = optparse/creates_option.rdoc
f.inspect  : #<RDoc::TopLevel:0xbb8 "option_params.rdoc" modules: [] classes: []>; f.full_name = optparse/option_params.rdoc
f.inspect  : #<RDoc::TopLevel:0xbcc "tutorial.rdoc" modules: [] classes: []>; f.full_name = optparse/tutorial.rdoc
f.inspect  : #<RDoc::TopLevel:0xbe0 "packed_data.rdoc" modules: [] classes: []>; f.full_name = packed_data.rdoc
f.inspect  : #<RDoc::TopLevel:0xbf4 "ractor.md" modules: [] classes: []>; f.full_name = ractor.md
f.inspect  : #<RDoc::TopLevel:0xc08 "markup_reference.rb" modules: [#<RDoc::NormalModule:0xc1c module RDoc includes: [] extends: [] attributes: [] methods: [] aliases: []>, #<RDoc::NormalModule:0xc30 module RDoc::MarkupReference::DummyModule includes: [] extends: [] attributes: [] methods: [] aliases: []>] classes: [<RDoc::NormalClass:0xc44 class RDoc::MarkupReference < Object includes: [] extends: [] attributes: [#<RDoc::Attr:0xc58 RDoc::MarkupReference#dummy_attribute RW (public)>, #<RDoc::Attr:0xc6c RDoc::MarkupReference#dummy_attribute_alias RW (public) (alias for dummy_attribute)>] methods: [#<RDoc::AnyMethod:0xc80 RDoc::MarkupReference::dummy_singleton_method (public)>, #<RDoc::AnyMethod:0xc94 RDoc::MarkupReference#dummy_instance_method (public)>, #<RDoc::AnyMethod:0xca8 RDoc::MarkupReference#dummy_instance_alias (public) (alias for dummy_instance_method)>, #<RDoc::AnyMethod:0xcbc RDoc::MarkupReference#call_seq_directive (public)>, #<RDoc::AnyMethod:0xcd0 RDoc::MarkupReference#args_directive (public)>, #<RDoc::AnyMethod:0xce4 RDoc::MarkupReference#yields_directive (public)>, #<RDoc::AnyMethod:0xcf8 RDoc::MarkupReference#method (public)>] aliases: []>, <RDoc::NormalClass:0xd0c class RDoc::MarkupReference::DummyClass < Object includes: [] extends: [] attributes: [] methods: [] aliases: []>]>; f.full_name = rdoc/markup_reference.rb
f.inspect  : #<RDoc::TopLevel:0xd20 "regexp.rdoc" modules: [] classes: []>; f.full_name = regexp.rdoc
f.inspect  : #<RDoc::TopLevel:0xd34 "COPYING" modules: [] classes: []>; f.full_name = ruby_3_2_5/COPYING
f.inspect  : #<RDoc::TopLevel:0xd48 "COPYING.ja" modules: [] classes: []>; f.full_name = ruby_3_2_5/COPYING.ja
f.inspect  : #<RDoc::TopLevel:0xd5c "LEGAL" modules: [] classes: []>; f.full_name = ruby_3_2_5/LEGAL
f.inspect  : #<RDoc::TopLevel:0xd70 "NEWS.md" modules: [] classes: []>; f.full_name = ruby_3_2_5/NEWS.md
f.inspect  : #<RDoc::TopLevel:0xd84 "README.ja.md" modules: [] classes: []>; f.full_name = ruby_3_2_5/README.ja.md
f.inspect  : #<RDoc::TopLevel:0xd98 "README.md" modules: [] classes: []>; f.full_name = ruby_3_2_5/README.md
